<solution>
false


 0 8 0  4 0 2  0 6 0 
 0 3 4  0 0 0  9 1 0 
 9 6 0  0 0 0  0 8 4 

 0 0 0  2 1 6  0 0 0 
 0 0 0  0 0 0  0 0 0 
 0 1 0  3 5 7  0 0 0 

 8 4 0  0 0 0  0 7 5 
 0 2 6  0 0 0  1 3 0 
 0 9 0  7 0 1  0 4 0  
+-------------------------------+-------------------------------+-------------------------------+
|    157       [8]       157    |    [4]       379       [2]    |    357       [6]       37     |
|    257       [3]       [4]    |    568       678       58     |    [9]       [1]       27     |
|    [9]       [6]      1257    |    15        37        35     |   2357       [8]       [4]    | 
+-------------------------------+-------------------------------+-------------------------------+
|   3457       57       35789   |    [2]       [1]       [6]    |   34578      59       3789    |
|  234567      57      235789   |    89        489       489    |  2345678     259     1236789  |
|    246       [1]       289    |    [3]       [5]       [7]    |   2468       29       2689    | 
+-------------------------------+-------------------------------+-------------------------------+
|    [8]       [4]       13     |    69       2369       39     |    26        [7]       [5]    |
|    57        [2]       [6]    |    589       489      4589    |    [1]       [3]       89     |
|    35        [9]       35     |    [7]      2368       [1]    |    268       [4]       268    | 
+-------------------------------+-------------------------------+-------------------------------+
</solution>
