<results>
	<unknown file='test_results.xml'>Missing Files to do the compare</unknown>
</results>
